android/app/build/outputs/logs/manifest-merger-debug-report.txt
-- Merging decision tree log ---
manifest
ADDED from src\main\AndroidManifest.xml:1:1-60:12
INJECTED from src\main\AndroidManifest.xml:1:1-60:12
INJECTED from src\main\AndroidManifest.xml:1:1-60:12
INJECTED from src\main\AndroidManifest.xml:1:1-60:12
MERGED from src\main\AndroidManifest.xml:1:1-60:12
MERGED from [:admob_flutter] AndroidManifest.xml:2:1-9:12
MERGED from [:path_provider_android] AndroidManifest.xml:2:1-7:12
MERGED from [:share_extend] AndroidManifest.xml:2:1-16:12
MERGED from [:flutter_youtube_downloader] AndroidManifest.xml:2:1-10:12
MERGED from [:video_thumbnail] AndroidManifest.xml:2:1-7:12
MERGED from [:permission_handler_android] AndroidManifest.xml:2:1-7:12
MERGED from [:flutter_share_me] AndroidManifest.xml:2:1-26:12
MERGED from [:pdfx] AndroidManifest.xml:2:1-7:12
MERGED from [:flutter_inappwebview] AndroidManifest.xml:2:1-48:12
MERGED from [:google_mobile_ads] AndroidManifest.xml:2:1-15:12
MERGED from [:device_info_plus] AndroidManifest.xml:2:1-7:12
MERGED from [:share] AndroidManifest.xml:2:1-19:12
MERGED from [:video_player_android] AndroidManifest.xml:2:1-7:12
MERGED from [:launch_review] AndroidManifest.xml:2:1-7:12
MERGED from [androidx.window:window-java:1.0.0-beta04] AndroidManifest.xml:17:1-23:12
MERGED from [androidx.window:window:1.0.0-beta04] AndroidManifest.xml:17:1-33:12
MERGED from [com.google.firebase:firebase-ads:19.1.0] AndroidManifest.xml:2:1-9:12
MERGED from [com.google.firebase:firebase-analytics:21.0.0] AndroidManifest.xml:2:1-9:12
MERGED from [com.google.android.gms:play-services-measurement-api:21.0.0] AndroidManifest.xml:17:1-37:12
MERGED from [com.google.firebase:firebase-installations:17.0.1] AndroidManifest.xml:2:1-24:12
MERGED from [com.google.firebase:firebase-common:20.1.1] AndroidManifest.xml:15:1-40:12
MERGED from [com.facebook.android:facebook-share:5.15.3] AndroidManifest.xml:21:1-31:12
MERGED from [com.facebook.android:facebook-common:5.15.3] AndroidManifest.xml:21:1-52:12
MERGED from [com.facebook.android:facebook-core:5.15.3] AndroidManifest.xml:21:1-53:12
MERGED from [com.google.android.gms:play-services-measurement:21.0.0] AndroidManifest.xml:17:1-46:12
MERGED from [com.twitter.sdk.android:twitter:3.1.1] AndroidManifest.xml:18:1-27:12
MERGED from [com.twitter.sdk.android:tweet-ui:3.1.1] AndroidManifest.xml:18:1-37:12
MERGED from [androidx.legacy:legacy-support-v4:1.0.0] AndroidManifest.xml:17:1-22:12
MERGED from [com.google.android.gms:play-services-measurement-sdk:21.0.0] AndroidManifest.xml:17:1-25:12
MERGED from [com.google.android.gms:play-services-measurement-impl:21.0.0] AndroidManifest.xml:17:1-32:12
MERGED from [com.google.android.gms:play-services-stats:17.0.2] AndroidManifest.xml:2:1-9:12
MERGED from [androidx.recyclerview:recyclerview:1.0.0] AndroidManifest.xml:17:1-22:12
MERGED from [androidx.legacy:legacy-support-core-ui:1.0.0] AndroidManifest.xml:17:1-22:12
MERGED from [androidx.legacy:legacy-support-core-utils:1.0.0] AndroidManifest.xml:17:1-22:12
MERGED from [com.github.HaarigerHarald:android-youtubeExtractor:master-SNAPSHOT] AndroidManifest.xml:2:1-18:12
MERGED from [androidx.webkit:webkit:1.4.0] AndroidManifest.xml:17:1-24:12
MERGED from [com.google.android.gms:play-services-ads:20.6.0] AndroidManifest.xml:17:1-25:12
MERGED from [androidx.browser:browser:1.4.0] AndroidManifest.xml:17:1-24:12
MERGED from [com.github.evgenyneu:js-evaluator-for-android:v4.0.0] AndroidManifest.xml:2:1-16:12
MERGED from [androidx.appcompat:appcompat:1.4.1] AndroidManifest.xml:17:1-24:12
MERGED from [androidx.swiperefreshlayout:swiperefreshlayout:1.1.0] AndroidManifest.xml:17:1-24:12
MERGED from [com.google.android.exoplayer:exoplayer-hls:2.17.1] AndroidManifest.xml:17:1-24:12
MERGED from [com.google.android.exoplayer:exoplayer-dash:2.17.1] AndroidManifest.xml:17:1-24:12
MERGED from [com.google.android.exoplayer:exoplayer-smoothstreaming:2.17.1] AndroidManifest.xml:17:1-24:12
MERGED from [com.google.android.exoplayer:exoplayer-core:2.17.1] AndroidManifest.xml:17:1-26:12
MERGED from [com.google.android.gms:play-services-appset:16.0.0] AndroidManifest.xml:2:1-9:12
MERGED from [com.google.android.gms:play-services-base:17.6.0] AndroidManifest.xml:17:1-29:12
MERGED from [com.google.android.gms:play-services-ads-lite:20.6.0] AndroidManifest.xml:17:1-67:12
MERGED from [com.google.android.gms:play-services-ads-base:20.6.0] AndroidManifest.xml:2:1-9:12
MERGED from [com.google.android.ump:user-messaging-platform:1.0.0] AndroidManifest.xml:2:1-7:12
MERGED from [com.google.android.gms:play-services-ads-identifier:18.0.0] AndroidManifest.xml:17:1-27:12
MERGED from [com.google.android.gms:play-services-measurement-sdk-api:21.0.0] AndroidManifest.xml:17:1-28:12
MERGED from [com.google.android.gms:play-services-measurement-base:21.0.0] AndroidManifest.xml:2:1-9:12
MERGED from [com.google.firebase:firebase-installations-interop:17.0.1] AndroidManifest.xml:15:1-23:12
MERGED from [com.google.android.gms:play-services-tasks:18.0.1] AndroidManifest.xml:2:1-6:12
MERGED from [com.google.firebase:firebase-measurement-connector:19.0.0] AndroidManifest.xml:17:1-25:12
MERGED from [com.google.android.gms:play-services-basement:18.0.0] AndroidManifest.xml:16:1-26:12
MERGED from [androidx.fragment:fragment:1.3.6] AndroidManifest.xml:17:1-24:12
MERGED from [androidx.activity:activity:1.2.4] AndroidManifest.xml:17:1-24:12
MERGED from [androidx.emoji2:emoji2-views-helper:1.0.0] AndroidManifest.xml:17:1-24:12
MERGED from [androidx.emoji2:emoji2:1.0.0] AndroidManifest.xml:17:1-37:12
MERGED from [androidx.lifecycle:lifecycle-process:2.4.0] AndroidManifest.xml:17:1-37:12
MERGED from [androidx.work:work-runtime:2.7.0] AndroidManifest.xml:17:1-145:12
MERGED from [androidx.startup:startup-runtime:1.0.0] AndroidManifest.xml:17:1-33:12
MERGED from [androidx.tracing:tracing:1.0.0] AndroidManifest.xml:17:1-24:12
MERGED from [androidx.documentfile:documentfile:1.0.0] AndroidManifest.xml:17:1-22:12
MERGED from [androidx.loader:loader:1.0.0] AndroidManifest.xml:17:1-22:12
MERGED from [androidx.localbroadcastmanager:localbroadcastmanager:1.0.0] AndroidManifest.xml:17:1-22:12
MERGED from [androidx.print:print:1.0.0] AndroidManifest.xml:17:1-22:12
MERGED from [androidx.appcompat:appcompat-resources:1.4.1] AndroidManifest.xml:17:1-24:12
MERGED from [androidx.drawerlayout:drawerlayout:1.0.0] AndroidManifest.xml:17:1-22:12
MERGED from [androidx.viewpager:viewpager:1.0.0] AndroidManifest.xml:17:1-22:12
MERGED from [androidx.vectordrawable:vectordrawable-animated:1.1.0] AndroidManifest.xml:17:1-24:12
MERGED from [androidx.vectordrawable:vectordrawable:1.1.0] AndroidManifest.xml:17:1-24:12
MERGED from [androidx.coordinatorlayout:coordinatorlayout:1.0.0] AndroidManifest.xml:17:1-22:12
MERGED from [androidx.slidingpanelayout:slidingpanelayout:1.0.0] AndroidManifest.xml:17:1-22:12
MERGED from [androidx.customview:customview:1.0.0] AndroidManifest.xml:17:1-22:12
MERGED from [androidx.media:media:1.0.0] AndroidManifest.xml:17:1-22:12
MERGED from [androidx.asynclayoutinflater:asynclayoutinflater:1.0.0] AndroidManifest.xml:17:1-22:12
MERGED from [androidx.core:core:1.7.0] AndroidManifest.xml:17:1-26:12
MERGED from [androidx.versionedparcelable:versionedparcelable:1.1.1] AndroidManifest.xml:17:1-27:12
MERGED from [androidx.interpolator:interpolator:1.0.0] AndroidManifest.xml:17:1-22:12
MERGED from [androidx.cursoradapter:cursoradapter:1.0.0] AndroidManifest.xml:17:1-22:12
MERGED from [androidx.lifecycle:lifecycle-viewmodel-savedstate:2.3.1] AndroidManifest.xml:17:1-24:12
MERGED from [androidx.savedstate:savedstate:1.1.0] AndroidManifest.xml:17:1-24:12
MERGED from [androidx.lifecycle:lifecycle-viewmodel:2.3.1] AndroidManifest.xml:17:1-24:12
MERGED from [com.google.android.exoplayer:exoplayer-datasource:2.17.1] AndroidManifest.xml:17:1-24:12
MERGED from [com.google.android.exoplayer:exoplayer-extractor:2.17.1] AndroidManifest.xml:17:1-24:12
MERGED from [com.google.android.exoplayer:exoplayer-decoder:2.17.1] AndroidManifest.xml:17:1-24:12
MERGED from [com.google.android.exoplayer:exoplayer-database:2.17.1] AndroidManifest.xml:17:1-24:12
MERGED from [com.google.android.exoplayer:exoplayer-common:2.17.1] AndroidManifest.xml:17:1-26:12
MERGED from [androidx.cardview:cardview:1.0.0] AndroidManifest.xml:17:1-22:12
MERGED from [androidx.lifecycle:lifecycle-livedata:2.1.0] AndroidManifest.xml:17:1-22:12
MERGED from [androidx.lifecycle:lifecycle-livedata-core:2.3.1] AndroidManifest.xml:17:1-24:12
MERGED from [androidx.lifecycle:lifecycle-service:2.1.0] AndroidManifest.xml:17:1-22:12
MERGED from [androidx.lifecycle:lifecycle-runtime:2.4.0] AndroidManifest.xml:17:1-24:12
MERGED from [androidx.room:room-runtime:2.2.5] AndroidManifest.xml:17:1-31:12
MERGED from [androidx.arch.core:core-runtime:2.1.0] AndroidManifest.xml:17:1-24:12
MERGED from [com.google.firebase:firebase-components:17.0.0] AndroidManifest.xml:15:1-23:12
MERGED from [androidx.sqlite:sqlite-framework:2.1.0] AndroidManifest.xml:17:1-24:12
MERGED from [androidx.sqlite:sqlite:2.1.0] AndroidManifest.xml:17:1-24:12
MERGED from [com.twitter.sdk.android:tweet-composer:3.1.1] AndroidManifest.xml:18:1-39:12
MERGED from [com.twitter.sdk.android:twitter-core:3.1.1] AndroidManifest.xml:18:1-35:12
MERGED from [com.android.installreferrer:installreferrer:1.0] AndroidManifest.xml:2:1-13:12
MERGED from [androidx.annotation:annotation-experimental:1.1.0] AndroidManifest.xml:17:1-24:12
INJECTED from src\debug\AndroidManifest.xml:1:1-11:12
INJECTED from src\debug\AndroidManifest.xml:1:1-11:12
INJECTED from src\debug\AndroidManifest.xml:1:1-11:12
	package
		ADDED from src\main\AndroidManifest.xml:4:5-38
		INJECTED from src\main\AndroidManifest.xml
		INJECTED from src\debug\AndroidManifest.xml
	android:versionName
		INJECTED from src\main\AndroidManifest.xml
		ADDED from src\main\AndroidManifest.xml:1:1-60:12
		INJECTED from src\debug\AndroidManifest.xml
	xmlns:tools
		ADDED from src\main\AndroidManifest.xml:2:1-47
		ADDED from src\main\AndroidManifest.xml:2:1-47
	android:versionCode
		INJECTED from src\main\AndroidManifest.xml
		ADDED from src\main\AndroidManifest.xml:1:1-60:12
		INJECTED from src\debug\AndroidManifest.xml
	xmlns:android
		ADDED from src\main\AndroidManifest.xml:3:1-59
uses-permission#android.permission.INTERNET
ADDED from src\main\AndroidManifest.xml:5:5-67
MERGED from src\main\AndroidManifest.xml:5:5-67
MERGED from src\main\AndroidManifest.xml:5:5-67
MERGED from [:admob_flutter] AndroidManifest.xml:7:5-67
MERGED from [:admob_flutter] AndroidManifest.xml:7:5-67
MERGED from [:flutter_youtube_downloader] AndroidManifest.xml:8:5-67
MERGED from [:flutter_youtube_downloader] AndroidManifest.xml:8:5-67
MERGED from [:flutter_share_me] AndroidManifest.xml:7:5-67
MERGED from [:flutter_share_me] AndroidManifest.xml:7:5-67
MERGED from [:google_mobile_ads] AndroidManifest.xml:7:5-67
MERGED from [:google_mobile_ads] AndroidManifest.xml:7:5-67
MERGED from [com.google.android.gms:play-services-measurement-api:21.0.0] AndroidManifest.xml:22:5-67
MERGED from [com.google.android.gms:play-services-measurement-api:21.0.0] AndroidManifest.xml:22:5-67
MERGED from [com.google.firebase:firebase-installations:17.0.1] AndroidManifest.xml:11:5-67
MERGED from [com.google.firebase:firebase-installations:17.0.1] AndroidManifest.xml:11:5-67
MERGED from [com.google.android.gms:play-services-measurement:21.0.0] AndroidManifest.xml:23:5-67
MERGED from [com.google.android.gms:play-services-measurement:21.0.0] AndroidManifest.xml:23:5-67
MERGED from [com.twitter.sdk.android:tweet-ui:3.1.1] AndroidManifest.xml:25:5-67
MERGED from [com.twitter.sdk.android:tweet-ui:3.1.1] AndroidManifest.xml:25:5-67
MERGED from [com.google.android.gms:play-services-measurement-impl:21.0.0] AndroidManifest.xml:23:5-67
MERGED from [com.google.android.gms:play-services-measurement-impl:21.0.0] AndroidManifest.xml:23:5-67
MERGED from [com.github.HaarigerHarald:android-youtubeExtractor:master-SNAPSHOT] AndroidManifest.xml:11:5-67
MERGED from [com.github.HaarigerHarald:android-youtubeExtractor:master-SNAPSHOT] AndroidManifest.xml:11:5-67
MERGED from [com.google.android.gms:play-services-ads-lite:20.6.0] AndroidManifest.xml:23:5-67
MERGED from [com.google.android.gms:play-services-ads-lite:20.6.0] AndroidManifest.xml:23:5-67
MERGED from [com.google.android.gms:play-services-measurement-sdk-api:21.0.0] AndroidManifest.xml:23:5-67
MERGED from [com.google.android.gms:play-services-measurement-sdk-api:21.0.0] AndroidManifest.xml:23:5-67
MERGED from [com.twitter.sdk.android:tweet-composer:3.1.1] AndroidManifest.xml:25:5-67
MERGED from [com.twitter.sdk.android:tweet-composer:3.1.1] AndroidManifest.xml:25:5-67
MERGED from [com.twitter.sdk.android:twitter-core:3.1.1] AndroidManifest.xml:25:5-67
MERGED from [com.twitter.sdk.android:twitter-core:3.1.1] AndroidManifest.xml:25:5-67
	android:name
		ADDED from src\main\AndroidManifest.xml:5:22-64
uses-permission#android.permission.READ_EXTERNAL_STORAGE
ADDED from src\main\AndroidManifest.xml:7:5-80
MERGED from src\main\AndroidManifest.xml:7:5-80
MERGED from src\main\AndroidManifest.xml:7:5-80
	android:name
		ADDED from src\main\AndroidManifest.xml:7:22-77
uses-permission#android.permission.WRITE_EXTERNAL_STORAGE
ADDED from src\main\AndroidManifest.xml:8:1-9:6
MERGED from src\main\AndroidManifest.xml:8:1-9:6
MERGED from src\main\AndroidManifest.xml:8:1-9:6
MERGED from [:flutter_youtube_downloader] AndroidManifest.xml:7:5-81
MERGED from [:flutter_youtube_downloader] AndroidManifest.xml:7:5-81
MERGED from [:flutter_share_me] AndroidManifest.xml:8:5-81
MERGED from [:flutter_share_me] AndroidManifest.xml:8:5-81
	android:name
		ADDED from src\main\AndroidManifest.xml:8:18-74
uses-permission#android.permission.MANAGE_EXTERNAL_STORAGE
ADDED from src\main\AndroidManifest.xml:10:1-78
MERGED from src\main\AndroidManifest.xml:10:1-78
MERGED from src\main\AndroidManifest.xml:10:1-78
	android:name
		ADDED from src\main\AndroidManifest.xml:10:18-75
application
ADDED from src\main\AndroidManifest.xml:12:4-59:19
MERGED from [:share_extend] AndroidManifest.xml:7:5-14:19
MERGED from [:share_extend] AndroidManifest.xml:7:5-14:19
MERGED from [:flutter_share_me] AndroidManifest.xml:14:5-24:19
MERGED from [:flutter_share_me] AndroidManifest.xml:14:5-24:19
MERGED from [:flutter_inappwebview] AndroidManifest.xml:13:5-46:19
MERGED from [:flutter_inappwebview] AndroidManifest.xml:13:5-46:19
MERGED from [:google_mobile_ads] AndroidManifest.xml:9:5-13:19
MERGED from [:google_mobile_ads] AndroidManifest.xml:9:5-13:19
MERGED from [:share] AndroidManifest.xml:7:5-17:19
MERGED from [:share] AndroidManifest.xml:7:5-17:19
MERGED from [androidx.window:window:1.0.0-beta04] AndroidManifest.xml:24:5-31:19
MERGED from [androidx.window:window:1.0.0-beta04] AndroidManifest.xml:24:5-31:19
MERGED from [com.google.firebase:firebase-ads:19.1.0] AndroidManifest.xml:7:5-20
MERGED from [com.google.firebase:firebase-ads:19.1.0] AndroidManifest.xml:7:5-20
MERGED from [com.google.firebase:firebase-analytics:21.0.0] AndroidManifest.xml:7:5-20
MERGED from [com.google.firebase:firebase-analytics:21.0.0] AndroidManifest.xml:7:5-20
MERGED from [com.google.android.gms:play-services-measurement-api:21.0.0] AndroidManifest.xml:27:5-35:19
MERGED from [com.google.android.gms:play-services-measurement-api:21.0.0] AndroidManifest.xml:27:5-35:19
MERGED from [com.google.firebase:firebase-installations:17.0.1] AndroidManifest.xml:14:5-22:19
MERGED from [com.google.firebase:firebase-installations:17.0.1] AndroidManifest.xml:14:5-22:19
MERGED from [com.google.firebase:firebase-common:20.1.1] AndroidManifest.xml:25:5-38:19
MERGED from [com.google.firebase:firebase-common:20.1.1] AndroidManifest.xml:25:5-38:19
MERGED from [com.facebook.android:facebook-share:5.15.3] AndroidManifest.xml:28:5-29:19
MERGED from [com.facebook.android:facebook-share:5.15.3] AndroidManifest.xml:28:5-29:19
MERGED from [com.facebook.android:facebook-common:5.15.3] AndroidManifest.xml:29:5-50:19
MERGED from [com.facebook.android:facebook-common:5.15.3] AndroidManifest.xml:29:5-50:19
MERGED from [com.facebook.android:facebook-core:5.15.3] AndroidManifest.xml:28:5-51:19
MERGED from [com.facebook.android:facebook-core:5.15.3] AndroidManifest.xml:28:5-51:19
MERGED from [com.google.android.gms:play-services-measurement:21.0.0] AndroidManifest.xml:28:5-44:19
MERGED from [com.google.android.gms:play-services-measurement:21.0.0] AndroidManifest.xml:28:5-44:19
MERGED from [com.twitter.sdk.android:twitter:3.1.1] AndroidManifest.xml:25:5-20
MERGED from [com.twitter.sdk.android:twitter:3.1.1] AndroidManifest.xml:25:5-20
MERGED from [com.twitter.sdk.android:tweet-ui:3.1.1] AndroidManifest.xml:27:5-35:19
MERGED from [com.twitter.sdk.android:tweet-ui:3.1.1] AndroidManifest.xml:27:5-35:19
MERGED from [com.google.android.gms:play-services-measurement-sdk:21.0.0] AndroidManifest.xml:22:5-23:19
MERGED from [com.google.android.gms:play-services-measurement-sdk:21.0.0] AndroidManifest.xml:22:5-23:19
MERGED from [com.google.android.gms:play-services-measurement-impl:21.0.0] AndroidManifest.xml:29:5-30:19
MERGED from [com.google.android.gms:play-services-measurement-impl:21.0.0] AndroidManifest.xml:29:5-30:19
MERGED from [com.google.android.gms:play-services-stats:17.0.2] AndroidManifest.xml:7:5-20
MERGED from [com.google.android.gms:play-services-stats:17.0.2] AndroidManifest.xml:7:5-20
MERGED from [com.github.HaarigerHarald:android-youtubeExtractor:master-SNAPSHOT] AndroidManifest.xml:13:5-16:19
MERGED from [com.github.HaarigerHarald:android-youtubeExtractor:master-SNAPSHOT] AndroidManifest.xml:13:5-16:19
MERGED from [com.github.evgenyneu:js-evaluator-for-android:v4.0.0] AndroidManifest.xml:11:5-14:19
MERGED from [com.github.evgenyneu:js-evaluator-for-android:v4.0.0] AndroidManifest.xml:11:5-14:19
MERGED from [com.google.android.gms:play-services-appset:16.0.0] AndroidManifest.xml:7:5-20
MERGED from [com.google.android.gms:play-services-appset:16.0.0] AndroidManifest.xml:7:5-20
MERGED from [com.google.android.gms:play-services-base:17.6.0] AndroidManifest.xml:22:5-27:19
MERGED from [com.google.android.gms:play-services-base:17.6.0] AndroidManifest.xml:22:5-27:19
MERGED from [com.google.android.gms:play-services-ads-lite:20.6.0] AndroidManifest.xml:46:5-65:19
MERGED from [com.google.android.gms:play-services-ads-lite:20.6.0] AndroidManifest.xml:46:5-65:19
MERGED from [com.google.android.gms:play-services-ads-base:20.6.0] AndroidManifest.xml:7:5-20
MERGED from [com.google.android.gms:play-services-ads-base:20.6.0] AndroidManifest.xml:7:5-20
MERGED from [com.google.android.gms:play-services-ads-identifier:18.0.0] AndroidManifest.xml:25:5-20
MERGED from [com.google.android.gms:play-services-ads-identifier:18.0.0] AndroidManifest.xml:25:5-20
MERGED from [com.google.android.gms:play-services-measurement-base:21.0.0] AndroidManifest.xml:7:5-20
MERGED from [com.google.android.gms:play-services-measurement-base:21.0.0] AndroidManifest.xml:7:5-20
MERGED from [com.google.android.gms:play-services-tasks:18.0.1] AndroidManifest.xml:5:5-20
MERGED from [com.google.android.gms:play-services-tasks:18.0.1] AndroidManifest.xml:5:5-20
MERGED from [com.google.firebase:firebase-measurement-connector:19.0.0] AndroidManifest.xml:22:5-23:19
MERGED from [com.google.firebase:firebase-measurement-connector:19.0.0] AndroidManifest.xml:22:5-23:19
MERGED from [com.google.android.gms:play-services-basement:18.0.0] AndroidManifest.xml:20:5-24:19
MERGED from [com.google.android.gms:play-services-basement:18.0.0] AndroidManifest.xml:20:5-24:19
MERGED from [androidx.emoji2:emoji2:1.0.0] AndroidManifest.xml:25:5-35:19
MERGED from [androidx.emoji2:emoji2:1.0.0] AndroidManifest.xml:25:5-35:19
MERGED from [androidx.lifecycle:lifecycle-process:2.4.0] AndroidManifest.xml:25:5-35:19
MERGED from [androidx.lifecycle:lifecycle-process:2.4.0] AndroidManifest.xml:25:5-35:19
MERGED from [androidx.work:work-runtime:2.7.0] AndroidManifest.xml:30:5-143:19
MERGED from [androidx.work:work-runtime:2.7.0] AndroidManifest.xml:30:5-143:19
MERGED from [androidx.startup:startup-runtime:1.0.0] AndroidManifest.xml:25:5-31:19
MERGED from [androidx.startup:startup-runtime:1.0.0] AndroidManifest.xml:25:5-31:19
MERGED from [androidx.core:core:1.7.0] AndroidManifest.xml:24:5-89
MERGED from [androidx.core:core:1.7.0] AndroidManifest.xml:24:5-89
MERGED from [androidx.versionedparcelable:versionedparcelable:1.1.1] AndroidManifest.xml:24:5-25:19
MERGED from [androidx.versionedparcelable:versionedparcelable:1.1.1] AndroidManifest.xml:24:5-25:19
MERGED from [androidx.room:room-runtime:2.2.5] AndroidManifest.xml:24:5-29:19
MERGED from [androidx.room:room-runtime:2.2.5] AndroidManifest.xml:24:5-29:19
MERGED from [com.twitter.sdk.android:tweet-composer:3.1.1] AndroidManifest.xml:27:5-37:19
MERGED from [com.twitter.sdk.android:tweet-composer:3.1.1] AndroidManifest.xml:27:5-37:19
MERGED from [com.twitter.sdk.android:twitter-core:3.1.1] AndroidManifest.xml:27:5-33:19
MERGED from [com.twitter.sdk.android:twitter-core:3.1.1] AndroidManifest.xml:27:5-33:19
MERGED from [com.android.installreferrer:installreferrer:1.0] AndroidManifest.xml:11:5-20
MERGED from [com.android.installreferrer:installreferrer:1.0] AndroidManifest.xml:11:5-20
	android:requestLegacyExternalStorage
		ADDED from src\main\AndroidManifest.xml:17:9-52
	android:appComponentFactory
		ADDED from [androidx.core:core:1.7.0] AndroidManifest.xml:24:18-86
	android:supportsRtl
		ADDED from [com.facebook.android:facebook-share:5.15.3] AndroidManifest.xml:28:18-44
	android:label
		ADDED from src\main\AndroidManifest.xml:14:9-36
		REJECTED from [com.github.HaarigerHarald:android-youtubeExtractor:master-SNAPSHOT] AndroidManifest.xml:15:9-41
		REJECTED from [com.github.evgenyneu:js-evaluator-for-android:v4.0.0] AndroidManifest.xml:13:9-41
	android:allowBackup
		ADDED from [com.github.HaarigerHarald:android-youtubeExtractor:master-SNAPSHOT] AndroidManifest.xml:14:9-35
	android:icon
		ADDED from src\main\AndroidManifest.xml:15:9-45
	tools:replace
		ADDED from src\main\AndroidManifest.xml:16:9-38
activity#com.example.staus_saver.MainActivity
ADDED from src\main\AndroidManifest.xml:21:9-50:20
	android:launchMode
		ADDED from src\main\AndroidManifest.xml:24:13-43
	android:hardwareAccelerated
		ADDED from src\main\AndroidManifest.xml:27:13-47
	android:windowSoftInputMode
		ADDED from src\main\AndroidManifest.xml:28:13-55
	android:exported
		ADDED from src\main\AndroidManifest.xml:22:13-36
	android:configChanges
		ADDED from src\main\AndroidManifest.xml:26:13-163
	android:theme
		ADDED from src\main\AndroidManifest.xml:25:13-47
	android:name
		ADDED from src\main\AndroidManifest.xml:23:13-41
meta-data#io.flutter.embedding.android.NormalTheme
ADDED from src\main\AndroidManifest.xml:33:13-36:17
	android:resource
		ADDED from src\main\AndroidManifest.xml:35:15-52
	android:name
		ADDED from src\main\AndroidManifest.xml:34:15-70
meta-data#io.flutter.embedding.android.SplashScreenDrawable
ADDED from src\main\AndroidManifest.xml:42:13-45:17
	android:resource
		ADDED from src\main\AndroidManifest.xml:44:15-61
	android:name
		ADDED from src\main\AndroidManifest.xml:43:15-79
intent-filter#action:name:android.intent.action.MAIN+category:name:android.intent.category.LAUNCHER
ADDED from src\main\AndroidManifest.xml:46:13-49:29
action#android.intent.action.MAIN
ADDED from src\main\AndroidManifest.xml:47:17-68
	android:name
		ADDED from src\main\AndroidManifest.xml:47:25-66
category#android.intent.category.LAUNCHER
ADDED from src\main\AndroidManifest.xml:48:17-76
	android:name
		ADDED from src\main\AndroidManifest.xml:48:27-74
meta-data#com.google.android.gms.ads.APPLICATION_ID
ADDED from src\main\AndroidManifest.xml:51:9-53:69
	android:value
		ADDED from src\main\AndroidManifest.xml:53:13-67
	android:name
		ADDED from src\main\AndroidManifest.xml:52:13-69
meta-data#flutterEmbedding
ADDED from src\main\AndroidManifest.xml:56:9-58:33
	android:value
		ADDED from src\main\AndroidManifest.xml:58:13-30
	android:name
		ADDED from src\main\AndroidManifest.xml:57:13-44
uses-sdk
INJECTED from src\main\AndroidManifest.xml reason: use-sdk injection requested
INJECTED from src\main\AndroidManifest.xml
INJECTED from src\main\AndroidManifest.xml
MERGED from [:admob_flutter] AndroidManifest.xml:5:5-44
MERGED from [:admob_flutter] AndroidManifest.xml:5:5-44
MERGED from [:path_provider_android] AndroidManifest.xml:5:5-44
MERGED from [:path_provider_android] AndroidManifest.xml:5:5-44
MERGED from [:share_extend] AndroidManifest.xml:5:5-44
MERGED from [:share_extend] AndroidManifest.xml:5:5-44
MERGED from [:flutter_youtube_downloader] AndroidManifest.xml:5:5-44
MERGED from [:flutter_youtube_downloader] AndroidManifest.xml:5:5-44
MERGED from [:video_thumbnail] AndroidManifest.xml:5:5-44
MERGED from [:video_thumbnail] AndroidManifest.xml:5:5-44
MERGED from [:permission_handler_android] AndroidManifest.xml:5:5-44
MERGED from [:permission_handler_android] AndroidManifest.xml:5:5-44
MERGED from [:flutter_share_me] AndroidManifest.xml:5:5-44
MERGED from [:flutter_share_me] AndroidManifest.xml:5:5-44
MERGED from [:pdfx] AndroidManifest.xml:5:5-44
MERGED from [:pdfx] AndroidManifest.xml:5:5-44
MERGED from [:flutter_inappwebview] AndroidManifest.xml:5:5-44
MERGED from [:flutter_inappwebview] AndroidManifest.xml:5:5-44
MERGED from [:google_mobile_ads] AndroidManifest.xml:5:5-44
MERGED from [:google_mobile_ads] AndroidManifest.xml:5:5-44
MERGED from [:device_info_plus] AndroidManifest.xml:5:5-44
MERGED from [:device_info_plus] AndroidManifest.xml:5:5-44
MERGED from [:share] AndroidManifest.xml:5:5-44
MERGED from [:share] AndroidManifest.xml:5:5-44
MERGED from [:video_player_android] AndroidManifest.xml:5:5-44
MERGED from [:video_player_android] AndroidManifest.xml:5:5-44
MERGED from [:launch_review] AndroidManifest.xml:5:5-44
MERGED from [:launch_review] AndroidManifest.xml:5:5-44
MERGED from [androidx.window:window-java:1.0.0-beta04] AndroidManifest.xml:19:5-21:41
MERGED from [androidx.window:window-java:1.0.0-beta04] AndroidManifest.xml:19:5-21:41
MERGED from [androidx.window:window:1.0.0-beta04] AndroidManifest.xml:20:5-22:41
MERGED from [androidx.window:window:1.0.0-beta04] AndroidManifest.xml:20:5-22:41
MERGED from [com.google.firebase:firebase-ads:19.1.0] AndroidManifest.xml:5:5-44
MERGED from [com.google.firebase:firebase-ads:19.1.0] AndroidManifest.xml:5:5-44
MERGED from [com.google.firebase:firebase-analytics:21.0.0] AndroidManifest.xml:5:5-44
MERGED from [com.google.firebase:firebase-analytics:21.0.0] AndroidManifest.xml:5:5-44
MERGED from [com.google.android.gms:play-services-measurement-api:21.0.0] AndroidManifest.xml:20:5-44
MERGED from [com.google.android.gms:play-services-measurement-api:21.0.0] AndroidManifest.xml:20:5-44
MERGED from [com.google.firebase:firebase-installations:17.0.1] AndroidManifest.xml:6:5-8:41
MERGED from [com.google.firebase:firebase-installations:17.0.1] AndroidManifest.xml:6:5-8:41
MERGED from [com.google.firebase:firebase-common:20.1.1] AndroidManifest.xml:20:5-22:41
MERGED from [com.google.firebase:firebase-common:20.1.1] AndroidManifest.xml:20:5-22:41
MERGED from [com.facebook.android:facebook-share:5.15.3] AndroidManifest.xml:24:5-26:41
MERGED from [com.facebook.android:facebook-share:5.15.3] AndroidManifest.xml:24:5-26:41
MERGED from [com.facebook.android:facebook-common:5.15.3] AndroidManifest.xml:25:5-27:41
MERGED from [com.facebook.android:facebook-common:5.15.3] AndroidManifest.xml:25:5-27:41
MERGED from [com.facebook.android:facebook-core:5.15.3] AndroidManifest.xml:24:5-26:41
MERGED from [com.facebook.android:facebook-core:5.15.3] AndroidManifest.xml:24:5-26:41
MERGED from [com.google.android.gms:play-services-measurement:21.0.0] AndroidManifest.xml:20:5-44
MERGED from [com.google.android.gms:play-services-measurement:21.0.0] AndroidManifest.xml:20:5-44
MERGED from [com.twitter.sdk.android:twitter:3.1.1] AndroidManifest.xml:23:5-44
MERGED from [com.twitter.sdk.android:twitter:3.1.1] AndroidManifest.xml:23:5-44
MERGED from [com.twitter.sdk.android:tweet-ui:3.1.1] AndroidManifest.xml:23:5-44
MERGED from [com.twitter.sdk.android:tweet-ui:3.1.1] AndroidManifest.xml:23:5-44
MERGED from [androidx.legacy:legacy-support-v4:1.0.0] AndroidManifest.xml:20:5-44
MERGED from [androidx.legacy:legacy-support-v4:1.0.0] AndroidManifest.xml:20:5-44
MERGED from [com.google.android.gms:play-services-measurement-sdk:21.0.0] AndroidManifest.xml:20:5-44
MERGED from [com.google.android.gms:play-services-measurement-sdk:21.0.0] AndroidManifest.xml:20:5-44
MERGED from [com.google.android.gms:play-services-measurement-impl:21.0.0] AndroidManifest.xml:20:5-44
MERGED from [com.google.android.gms:play-services-measurement-impl:21.0.0] AndroidManifest.xml:20:5-44
MERGED from [com.google.android.gms:play-services-stats:17.0.2] AndroidManifest.xml:5:5-44
MERGED from [com.google.android.gms:play-services-stats:17.0.2] AndroidManifest.xml:5:5-44
MERGED from [androidx.recyclerview:recyclerview:1.0.0] AndroidManifest.xml:20:5-44
MERGED from [androidx.recyclerview:recyclerview:1.0.0] AndroidManifest.xml:20:5-44
MERGED from [androidx.legacy:legacy-support-core-ui:1.0.0] AndroidManifest.xml:20:5-44
MERGED from [androidx.legacy:legacy-support-core-ui:1.0.0] AndroidManifest.xml:20:5-44
MERGED from [androidx.legacy:legacy-support-core-utils:1.0.0] AndroidManifest.xml:20:5-44
MERGED from [androidx.legacy:legacy-support-core-utils:1.0.0] AndroidManifest.xml:20:5-44
MERGED from [com.github.HaarigerHarald:android-youtubeExtractor:master-SNAPSHOT] AndroidManifest.xml:7:5-9:41
MERGED from [com.github.HaarigerHarald:android-youtubeExtractor:master-SNAPSHOT] AndroidManifest.xml:7:5-9:41
MERGED from [androidx.webkit:webkit:1.4.0] AndroidManifest.xml:20:5-22:41
MERGED from [androidx.webkit:webkit:1.4.0] AndroidManifest.xml:20:5-22:41
MERGED from [com.google.android.gms:play-services-ads:20.6.0] AndroidManifest.xml:21:5-23:52
MERGED from [com.google.android.gms:play-services-ads:20.6.0] AndroidManifest.xml:21:5-23:52
MERGED from [androidx.browser:browser:1.4.0] AndroidManifest.xml:20:5-22:41